<?xml version="1.0" encoding="UTF-8"?>
<!-- Generated by org.testng.reporters.JUnitReportReporter -->
<testsuite hostname="GOL012019" name="com.testclasses.FAD_Page_Testing" tests="1" failures="0" timestamp="14 Jul 2021 06:30:13 GMT" time="220.715" errors="0">
  <testcase name="VerifyVIPProfiles" time="220.715" classname="com.testclasses.FAD_Page_Testing"/>
</testsuite> <!-- com.testclasses.FAD_Page_Testing -->
