<?xml version="1.0" encoding="UTF-8"?>
<!-- Generated by org.testng.reporters.JUnitReportReporter -->
<testsuite hostname="GOL012019" name="com.testclasses.HomePageTesting" tests="2" failures="0" timestamp="14 Jul 2021 06:30:13 GMT" time="37.200" errors="0">
  <testcase name="HomePageLoadTest" time="8.527" classname="com.testclasses.HomePageTesting"/>
  <testcase name="generalVerificationHomePage" time="28.673" classname="com.testclasses.HomePageTesting"/>
</testsuite> <!-- com.testclasses.HomePageTesting -->
