<?xml version="1.0" encoding="UTF-8"?>
<!-- Generated by org.testng.reporters.JUnitReportReporter -->
<testsuite hostname="GOL012019" name="com.testclasses.HomePageTesting" tests="2" failures="0" timestamp="1 Jun 2021 06:33:21 GMT" time="36.963" errors="0">
  <testcase name="generalVerificationHomePage" time="30.166" classname="com.testclasses.HomePageTesting"/>
  <testcase name="HomePageLoadTest" time="6.797" classname="com.testclasses.HomePageTesting"/>
</testsuite> <!-- com.testclasses.HomePageTesting -->
